This file contains any messages produced by compilers while
running configure, to aid debugging if configure makes a mistake.

It was created by mate-desktop configure 1.19.0, which was
generated by GNU Autoconf 2.69.  Invocation command line was

  $ ./configure --prefix=/usr --disable-schemas-compile

## --------- ##
## Platform. ##
## --------- ##

hostname = base
uname -m = x86_64
uname -r = 4.9.25-1-lts
uname -s = Linux
uname -v = #1 SMP Thu Apr 27 19:29:34 CEST 2017

/usr/bin/uname -p = unknown
/bin/uname -X     = unknown

/bin/arch              = unknown
/usr/bin/arch -k       = unknown
/usr/convex/getsysinfo = unknown
/usr/bin/hostinfo      = unknown
/bin/machine           = unknown
/usr/bin/oslevel       = unknown
/bin/universe          = unknown

PATH: /usr/local/sbin
PATH: /usr/local/bin
PATH: /usr/bin
PATH: /usr/bin/site_perl
PATH: /usr/bin/vendor_perl
PATH: /usr/bin/core_perl


## ----------- ##
## Core tests. ##
## ----------- ##

configure:2464: checking for a BSD-compatible install
configure:2532: result: /usr/bin/install -c
configure:2543: checking whether build environment is sane
configure:2598: result: yes
configure:2749: checking for a thread-safe mkdir -p
configure:2788: result: /usr/bin/mkdir -p
configure:2795: checking for gawk
configure:2811: found /usr/bin/gawk
configure:2822: result: gawk
configure:2833: checking whether make sets $(MAKE)
configure:2855: result: yes
configure:2884: checking whether make supports nested variables
configure:2901: result: yes
configure:2990: checking whether UID '1000' is supported by ustar format
configure:2993: result: yes
configure:3000: checking whether GID '20' is supported by ustar format
configure:3003: result: yes
configure:3011: checking how to create a ustar tar archive
configure:3022: tar --version
tar (GNU tar) 1.29
Copyright (C) 2015 Free Software Foundation, Inc.
License GPLv3+: GNU GPL version 3 or later <http://gnu.org/licenses/gpl.html>.
This is free software: you are free to change and redistribute it.
There is NO WARRANTY, to the extent permitted by law.

Written by John Gilmore and Jay Fenlason.
configure:3025: $? = 0
configure:3065: tardir=conftest.dir && eval tar --format=ustar -chf - "$tardir" >conftest.tar
configure:3068: $? = 0
configure:3072: tar -xf - <conftest.tar
configure:3075: $? = 0
configure:3077: cat conftest.dir/file
GrepMe
configure:3080: $? = 0
configure:3093: result: gnutar
configure:3154: checking whether make supports nested variables
configure:3171: result: yes
configure:3203: checking whether to enable maintainer-specific portions of Makefiles
configure:3212: result: no
configure:3235: checking whether NLS is requested
configure:3244: result: yes
configure:3262: checking for intltool >= 0.50.1
configure:3264: result: 0.51.0 found
configure:3272: checking for intltool-update
configure:3290: found /usr/bin/intltool-update
configure:3302: result: /usr/bin/intltool-update
configure:3312: checking for intltool-merge
configure:3330: found /usr/bin/intltool-merge
configure:3342: result: /usr/bin/intltool-merge
configure:3352: checking for intltool-extract
configure:3370: found /usr/bin/intltool-extract
configure:3382: result: /usr/bin/intltool-extract
configure:3536: checking for xgettext
configure:3554: found /usr/bin/xgettext
configure:3566: result: /usr/bin/xgettext
configure:3576: checking for msgmerge
configure:3594: found /usr/bin/msgmerge
configure:3606: result: /usr/bin/msgmerge
configure:3616: checking for msgfmt
configure:3634: found /usr/bin/msgfmt
configure:3646: result: /usr/bin/msgfmt
configure:3656: checking for gmsgfmt
configure:3687: result: /usr/bin/msgfmt
configure:3707: checking for perl
configure:3725: found /usr/bin/perl
configure:3737: result: /usr/bin/perl
configure:3748: checking for perl >= 5.8.1
configure:3755: result: 5.24.1
configure:3759: checking for XML::Parser
configure:3762: result: ok
configure:3824: checking for gcc
configure:3840: found /usr/bin/gcc
configure:3851: result: gcc
configure:4080: checking for C compiler version
configure:4089: gcc --version >&5
gcc (GCC) 6.3.1 20170306
Copyright (C) 2016 Free Software Foundation, Inc.
This is free software; see the source for copying conditions.  There is NO
warranty; not even for MERCHANTABILITY or FITNESS FOR A PARTICULAR PURPOSE.

configure:4100: $? = 0
configure:4089: gcc -v >&5
Using built-in specs.
COLLECT_GCC=gcc
COLLECT_LTO_WRAPPER=/usr/lib/gcc/x86_64-pc-linux-gnu/6.3.1/lto-wrapper
Target: x86_64-pc-linux-gnu
Configured with: /build/gcc/src/gcc/configure --prefix=/usr --libdir=/usr/lib --libexecdir=/usr/lib --mandir=/usr/share/man --infodir=/usr/share/info --with-bugurl=https://bugs.archlinux.org/ --enable-languages=c,c++,ada,fortran,go,lto,objc,obj-c++ --enable-shared --enable-threads=posix --enable-libmpx --with-system-zlib --with-isl --enable-__cxa_atexit --disable-libunwind-exceptions --enable-clocale=gnu --disable-libstdcxx-pch --disable-libssp --enable-gnu-unique-object --enable-linker-build-id --enable-lto --enable-plugin --enable-install-libiberty --with-linker-hash-style=gnu --enable-gnu-indirect-function --disable-multilib --disable-werror --enable-checking=release
Thread model: posix
gcc version 6.3.1 20170306 (GCC) 
configure:4100: $? = 0
configure:4089: gcc -V >&5
gcc: error: unrecognized command line option '-V'
gcc: fatal error: no input files
compilation terminated.
configure:4100: $? = 1
configure:4089: gcc -qversion >&5
gcc: error: unrecognized command line option '-qversion'; did you mean '--version'?
gcc: fatal error: no input files
compilation terminated.
configure:4100: $? = 1
configure:4120: checking whether the C compiler works
configure:4142: gcc -march=x86-64 -mtune=generic -O2 -pipe -fstack-protector-strong -D_FORTIFY_SOURCE=2 -Wl,-O1,--sort-common,--as-needed,-z,relro conftest.c  >&5
configure:4146: $? = 0
configure:4194: result: yes
configure:4197: checking for C compiler default output file name
configure:4199: result: a.out
configure:4205: checking for suffix of executables
configure:4212: gcc -o conftest -march=x86-64 -mtune=generic -O2 -pipe -fstack-protector-strong -D_FORTIFY_SOURCE=2 -Wl,-O1,--sort-common,--as-needed,-z,relro conftest.c  >&5
configure:4216: $? = 0
configure:4238: result: 
configure:4260: checking whether we are cross compiling
configure:4268: gcc -o conftest -march=x86-64 -mtune=generic -O2 -pipe -fstack-protector-strong -D_FORTIFY_SOURCE=2 -Wl,-O1,--sort-common,--as-needed,-z,relro conftest.c  >&5
configure:4272: $? = 0
configure:4279: ./conftest
configure:4283: $? = 0
configure:4298: result: no
configure:4303: checking for suffix of object files
configure:4325: gcc -c -march=x86-64 -mtune=generic -O2 -pipe -fstack-protector-strong -D_FORTIFY_SOURCE=2 conftest.c >&5
configure:4329: $? = 0
configure:4350: result: o
configure:4354: checking whether we are using the GNU C compiler
configure:4373: gcc -c -march=x86-64 -mtune=generic -O2 -pipe -fstack-protector-strong -D_FORTIFY_SOURCE=2 conftest.c >&5
configure:4373: $? = 0
configure:4382: result: yes
configure:4391: checking whether gcc accepts -g
configure:4411: gcc -c -g -D_FORTIFY_SOURCE=2 conftest.c >&5
configure:4411: $? = 0
configure:4452: result: yes
configure:4469: checking for gcc option to accept ISO C89
configure:4532: gcc  -c -march=x86-64 -mtune=generic -O2 -pipe -fstack-protector-strong -D_FORTIFY_SOURCE=2 conftest.c >&5
configure:4532: $? = 0
configure:4545: result: none needed
configure:4570: checking whether gcc understands -c and -o together
configure:4592: gcc -c conftest.c -o conftest2.o
configure:4595: $? = 0
configure:4592: gcc -c conftest.c -o conftest2.o
configure:4595: $? = 0
configure:4607: result: yes
configure:4635: checking for style of include used by make
configure:4663: result: GNU
configure:4689: checking dependency style of gcc
configure:4800: result: gcc3
configure:4821: checking how to run the C preprocessor
configure:4852: gcc -E -D_FORTIFY_SOURCE=2 conftest.c
In file included from /usr/include/bits/libc-header-start.h:33:0,
                 from /usr/include/limits.h:26,
                 from /usr/lib/gcc/x86_64-pc-linux-gnu/6.3.1/include-fixed/limits.h:168,
                 from /usr/lib/gcc/x86_64-pc-linux-gnu/6.3.1/include-fixed/syslimits.h:7,
                 from /usr/lib/gcc/x86_64-pc-linux-gnu/6.3.1/include-fixed/limits.h:34,
                 from conftest.c:14:
/usr/include/features.h:373:4: warning: #warning _FORTIFY_SOURCE requires compiling with optimization (-O) [-Wcpp]
 #  warning _FORTIFY_SOURCE requires compiling with optimization (-O)
    ^~~~~~~
configure:4852: $? = 0
configure:4866: gcc -E -D_FORTIFY_SOURCE=2 conftest.c
conftest.c:13:28: fatal error: ac_nonexistent.h: No such file or directory
 #include <ac_nonexistent.h>
                            ^
compilation terminated.
configure:4866: $? = 1
configure: failed program was:
| /* confdefs.h */
| #define PACKAGE_NAME "mate-desktop"
| #define PACKAGE_TARNAME "mate-desktop"
| #define PACKAGE_VERSION "1.19.0"
| #define PACKAGE_STRING "mate-desktop 1.19.0"
| #define PACKAGE_BUGREPORT "https://github.com/mate-desktop/mate-desktop/"
| #define PACKAGE_URL ""
| #define PACKAGE "mate-desktop"
| #define VERSION "1.19.0"
| #define GLIB_VERSION_MAX_ALLOWED GLIB_VERSION_2_36
| #define GLIB_VERSION_MIN_REQUIRED GLIB_VERSION_2_36
| /* end confdefs.h.  */
| #include <ac_nonexistent.h>
configure:4891: result: gcc -E
configure:4911: gcc -E -D_FORTIFY_SOURCE=2 conftest.c
In file included from /usr/include/bits/libc-header-start.h:33:0,
                 from /usr/include/limits.h:26,
                 from /usr/lib/gcc/x86_64-pc-linux-gnu/6.3.1/include-fixed/limits.h:168,
                 from /usr/lib/gcc/x86_64-pc-linux-gnu/6.3.1/include-fixed/syslimits.h:7,
                 from /usr/lib/gcc/x86_64-pc-linux-gnu/6.3.1/include-fixed/limits.h:34,
                 from conftest.c:14:
/usr/include/features.h:373:4: warning: #warning _FORTIFY_SOURCE requires compiling with optimization (-O) [-Wcpp]
 #  warning _FORTIFY_SOURCE requires compiling with optimization (-O)
    ^~~~~~~
configure:4911: $? = 0
configure:4925: gcc -E -D_FORTIFY_SOURCE=2 conftest.c
conftest.c:13:28: fatal error: ac_nonexistent.h: No such file or directory
 #include <ac_nonexistent.h>
                            ^
compilation terminated.
configure:4925: $? = 1
configure: failed program was:
| /* confdefs.h */
| #define PACKAGE_NAME "mate-desktop"
| #define PACKAGE_TARNAME "mate-desktop"
| #define PACKAGE_VERSION "1.19.0"
| #define PACKAGE_STRING "mate-desktop 1.19.0"
| #define PACKAGE_BUGREPORT "https://github.com/mate-desktop/mate-desktop/"
| #define PACKAGE_URL ""
| #define PACKAGE "mate-desktop"
| #define VERSION "1.19.0"
| #define GLIB_VERSION_MAX_ALLOWED GLIB_VERSION_2_36
| #define GLIB_VERSION_MIN_REQUIRED GLIB_VERSION_2_36
| /* end confdefs.h.  */
| #include <ac_nonexistent.h>
configure:4954: checking for grep that handles long lines and -e
configure:5012: result: /usr/bin/grep
configure:5017: checking for egrep
configure:5079: result: /usr/bin/grep -E
configure:5084: checking for ANSI C header files
configure:5104: gcc -c -march=x86-64 -mtune=generic -O2 -pipe -fstack-protector-strong -D_FORTIFY_SOURCE=2 conftest.c >&5
configure:5104: $? = 0
In file included from /usr/include/bits/libc-header-start.h:33:0,
                 from /usr/include/string.h:26,
                 from conftest.c:13:
/usr/include/features.h:373:4: warning: #warning _FORTIFY_SOURCE requires compiling with optimization (-O) [-Wcpp]
 #  warning _FORTIFY_SOURCE requires compiling with optimization (-O)
    ^~~~~~~
In file included from /usr/include/bits/libc-header-start.h:33:0,
                 from /usr/include/stdlib.h:25,
                 from conftest.c:13:
/usr/include/features.h:373:4: warning: #warning _FORTIFY_SOURCE requires compiling with optimization (-O) [-Wcpp]
 #  warning _FORTIFY_SOURCE requires compiling with optimization (-O)
    ^~~~~~~
configure:5177: gcc -o conftest -march=x86-64 -mtune=generic -O2 -pipe -fstack-protector-strong -D_FORTIFY_SOURCE=2 -Wl,-O1,--sort-common,--as-needed,-z,relro conftest.c  >&5
configure:5177: $? = 0
configure:5177: ./conftest
configure:5177: $? = 0
configure:5188: result: yes
configure:5225: checking build system type
configure:5239: result: x86_64-unknown-linux-gnu
configure:5259: checking host system type
configure:5272: result: x86_64-unknown-linux-gnu
configure:5313: checking how to print strings
configure:5340: result: printf
configure:5361: checking for a sed that does not truncate output
configure:5425: result: /usr/bin/sed
configure:5443: checking for fgrep
configure:5505: result: /usr/bin/grep -F
configure:5540: checking for ld used by gcc
configure:5607: result: /usr/bin/ld
configure:5614: checking if the linker (/usr/bin/ld) is GNU ld
configure:5629: result: yes
configure:5641: checking for BSD- or MS-compatible name lister (nm)
configure:5695: result: /usr/bin/nm -B
configure:5825: checking the name lister (/usr/bin/nm -B) interface
configure:5832: gcc -c -march=x86-64 -mtune=generic -O2 -pipe -fstack-protector-strong -D_FORTIFY_SOURCE=2 conftest.c >&5
configure:5835: /usr/bin/nm -B "conftest.o"
configure:5838: output
0000000000000000 B some_variable
configure:5845: result: BSD nm
configure:5848: checking whether ln -s works
configure:5852: result: yes
configure:5860: checking the maximum length of command line arguments
configure:5991: result: 1572864
configure:6039: checking how to convert x86_64-unknown-linux-gnu file names to x86_64-unknown-linux-gnu format
configure:6079: result: func_convert_file_noop
configure:6086: checking how to convert x86_64-unknown-linux-gnu file names to toolchain format
configure:6106: result: func_convert_file_noop
configure:6113: checking for /usr/bin/ld option to reload object files
configure:6120: result: -r
configure:6194: checking for objdump
configure:6210: found /usr/bin/objdump
configure:6221: result: objdump
configure:6253: checking how to recognize dependent libraries
configure:6453: result: pass_all
configure:6538: checking for dlltool
configure:6568: result: no
configure:6598: checking how to associate runtime and link libraries
configure:6625: result: printf %s\n
configure:6685: checking for ar
configure:6701: found /usr/bin/ar
configure:6712: result: ar
configure:6749: checking for archiver @FILE support
configure:6766: gcc -c -march=x86-64 -mtune=generic -O2 -pipe -fstack-protector-strong -D_FORTIFY_SOURCE=2 conftest.c >&5
configure:6766: $? = 0
configure:6769: ar cru libconftest.a @conftest.lst >&5
ar: `u' modifier ignored since `D' is the default (see `U')
configure:6772: $? = 0
configure:6777: ar cru libconftest.a @conftest.lst >&5
ar: `u' modifier ignored since `D' is the default (see `U')
ar: conftest.o: No such file or directory
configure:6780: $? = 1
configure:6792: result: @
configure:6850: checking for strip
configure:6866: found /usr/bin/strip
configure:6877: result: strip
configure:6949: checking for ranlib
configure:6965: found /usr/bin/ranlib
configure:6976: result: ranlib
configure:7078: checking command to parse /usr/bin/nm -B output from gcc object
configure:7231: gcc -c -march=x86-64 -mtune=generic -O2 -pipe -fstack-protector-strong -D_FORTIFY_SOURCE=2 conftest.c >&5
configure:7234: $? = 0
configure:7238: /usr/bin/nm -B conftest.o \| sed -n -e 's/^.*[ ]\([ABCDGIRSTW][ABCDGIRSTW]*\)[ ][ ]*\([_A-Za-z][_A-Za-z0-9]*\)$/\1 \2 \2/p' | sed '/ __gnu_lto/d' \> conftest.nm
configure:7241: $? = 0
configure:7307: gcc -o conftest -march=x86-64 -mtune=generic -O2 -pipe -fstack-protector-strong -D_FORTIFY_SOURCE=2 -Wl,-O1,--sort-common,--as-needed,-z,relro conftest.c conftstm.o >&5
configure:7310: $? = 0
configure:7348: result: ok
configure:7395: checking for sysroot
configure:7425: result: no
configure:7432: checking for a working dd
configure:7470: result: /usr/bin/dd
configure:7474: checking how to truncate binary pipes
configure:7489: result: /usr/bin/dd bs=4096 count=1
configure:7625: gcc -c -march=x86-64 -mtune=generic -O2 -pipe -fstack-protector-strong -D_FORTIFY_SOURCE=2 conftest.c >&5
configure:7628: $? = 0
configure:7818: checking for mt
configure:7848: result: no
configure:7868: checking if : is a manifest tool
configure:7874: : '-?'
configure:7882: result: no
configure:8559: checking for sys/types.h
configure:8559: gcc -c -march=x86-64 -mtune=generic -O2 -pipe -fstack-protector-strong -D_FORTIFY_SOURCE=2 conftest.c >&5
configure:8559: $? = 0
configure:8559: result: yes
configure:8559: checking for sys/stat.h
configure:8559: gcc -c -march=x86-64 -mtune=generic -O2 -pipe -fstack-protector-strong -D_FORTIFY_SOURCE=2 conftest.c >&5
configure:8559: $? = 0
configure:8559: result: yes
configure:8559: checking for stdlib.h
configure:8559: gcc -c -march=x86-64 -mtune=generic -O2 -pipe -fstack-protector-strong -D_FORTIFY_SOURCE=2 conftest.c >&5
configure:8559: $? = 0
configure:8559: result: yes
configure:8559: checking for string.h
configure:8559: gcc -c -march=x86-64 -mtune=generic -O2 -pipe -fstack-protector-strong -D_FORTIFY_SOURCE=2 conftest.c >&5
configure:8559: $? = 0
configure:8559: result: yes
configure:8559: checking for memory.h
configure:8559: gcc -c -march=x86-64 -mtune=generic -O2 -pipe -fstack-protector-strong -D_FORTIFY_SOURCE=2 conftest.c >&5
configure:8559: $? = 0
configure:8559: result: yes
configure:8559: checking for strings.h
configure:8559: gcc -c -march=x86-64 -mtune=generic -O2 -pipe -fstack-protector-strong -D_FORTIFY_SOURCE=2 conftest.c >&5
configure:8559: $? = 0
configure:8559: result: yes
configure:8559: checking for inttypes.h
configure:8559: gcc -c -march=x86-64 -mtune=generic -O2 -pipe -fstack-protector-strong -D_FORTIFY_SOURCE=2 conftest.c >&5
configure:8559: $? = 0
configure:8559: result: yes
configure:8559: checking for stdint.h
configure:8559: gcc -c -march=x86-64 -mtune=generic -O2 -pipe -fstack-protector-strong -D_FORTIFY_SOURCE=2 conftest.c >&5
configure:8559: $? = 0
configure:8559: result: yes
configure:8559: checking for unistd.h
configure:8559: gcc -c -march=x86-64 -mtune=generic -O2 -pipe -fstack-protector-strong -D_FORTIFY_SOURCE=2 conftest.c >&5
configure:8559: $? = 0
configure:8559: result: yes
configure:8573: checking for dlfcn.h
configure:8573: gcc -c -march=x86-64 -mtune=generic -O2 -pipe -fstack-protector-strong -D_FORTIFY_SOURCE=2 conftest.c >&5
configure:8573: $? = 0
configure:8573: result: yes
configure:8829: checking for objdir
configure:8844: result: .libs
configure:9108: checking if gcc supports -fno-rtti -fno-exceptions
configure:9126: gcc -c -march=x86-64 -mtune=generic -O2 -pipe -fstack-protector-strong -D_FORTIFY_SOURCE=2 -fno-rtti -fno-exceptions conftest.c >&5
cc1: warning: command line option '-fno-rtti' is valid for C++/ObjC++ but not for C
configure:9130: $? = 0
configure:9143: result: no
configure:9501: checking for gcc option to produce PIC
configure:9508: result: -fPIC -DPIC
configure:9516: checking if gcc PIC flag -fPIC -DPIC works
configure:9534: gcc -c -march=x86-64 -mtune=generic -O2 -pipe -fstack-protector-strong -D_FORTIFY_SOURCE=2 -fPIC -DPIC -DPIC conftest.c >&5
configure:9538: $? = 0
configure:9551: result: yes
configure:9580: checking if gcc static flag -static works
configure:9608: result: yes
configure:9623: checking if gcc supports -c -o file.o
configure:9644: gcc -c -march=x86-64 -mtune=generic -O2 -pipe -fstack-protector-strong -D_FORTIFY_SOURCE=2 -o out/conftest2.o conftest.c >&5
configure:9648: $? = 0
configure:9670: result: yes
configure:9678: checking if gcc supports -c -o file.o
configure:9725: result: yes
configure:9758: checking whether the gcc linker (/usr/bin/ld -m elf_x86_64) supports shared libraries
configure:11017: result: yes
configure:11054: checking whether -lc should be explicitly linked in
configure:11062: gcc -c -march=x86-64 -mtune=generic -O2 -pipe -fstack-protector-strong -D_FORTIFY_SOURCE=2 conftest.c >&5
configure:11065: $? = 0
configure:11080: gcc -shared  -fPIC -DPIC conftest.o  -v -Wl,-soname -Wl,conftest -o conftest 2\>\&1 \| /usr/bin/grep  -lc  \>/dev/null 2\>\&1
configure:11083: $? = 0
configure:11097: result: no
configure:11257: checking dynamic linker characteristics
configure:11838: gcc -o conftest -march=x86-64 -mtune=generic -O2 -pipe -fstack-protector-strong -D_FORTIFY_SOURCE=2 -Wl,-O1,--sort-common,--as-needed,-z,relro -Wl,-rpath -Wl,/foo conftest.c  >&5
configure:11838: $? = 0
configure:12075: result: GNU/Linux ld.so
configure:12197: checking how to hardcode library paths into programs
configure:12222: result: immediate
configure:12770: checking whether stripping libraries is possible
configure:12775: result: yes
configure:12810: checking if libtool supports shared libraries
configure:12812: result: yes
configure:12815: checking whether to build shared libraries
configure:12840: result: yes
configure:12843: checking whether to build static libraries
configure:12847: result: yes
configure:12938: checking for pkg-config
configure:12956: found /usr/bin/pkg-config
configure:12968: result: /usr/bin/pkg-config
configure:12993: checking pkg-config is at least version 0.9.0
configure:12996: result: yes
configure:13090: checking whether gcc understands -Wno-sign-compare
configure:13103: gcc -c -Wall -Wmissing-prototypes -Wnested-externs -Wpointer-arith -march=x86-64 -mtune=generic -O2 -pipe -fstack-protector-strong -Wno-sign-compare -D_FORTIFY_SOURCE=2 conftest.c >&5
configure:13103: $? = 0
configure:13110: result: yes
configure:13128: checking what warning flags to pass to the C compiler
configure:13130: result: -Wall -Wmissing-prototypes -Wnested-externs -Wpointer-arith -Wno-sign-compare
configure:13141: checking what language compliance flags to pass to the C compiler
configure:13156: result: 
configure:13253: checking for dconf >= 0.13.4
configure:13260: $PKG_CONFIG --exists --print-errors "dconf >= $DCONF_REQUIRED"
configure:13263: $? = 0
configure:13277: $PKG_CONFIG --exists --print-errors "dconf >= $DCONF_REQUIRED"
configure:13280: $? = 0
configure:13338: result: yes
configure:13357: checking Startup notification library >= 0.5
configure:13366: result: yes
configure:13401: checking for gobject-introspection
configure:13432: $PKG_CONFIG --exists --print-errors "gobject-introspection-1.0 >= 0.9.7"
configure:13435: $? = 0
configure:13447: result: yes
configure:13486: checking for X
configure:13594: gcc -E -D_FORTIFY_SOURCE=2 conftest.c
In file included from /usr/include/sys/types.h:25:0,
                 from /usr/include/X11/Xlib.h:38,
                 from conftest.c:31:
/usr/include/features.h:373:4: warning: #warning _FORTIFY_SOURCE requires compiling with optimization (-O) [-Wcpp]
 #  warning _FORTIFY_SOURCE requires compiling with optimization (-O)
    ^~~~~~~
configure:13594: $? = 0
configure:13625: gcc -o conftest -march=x86-64 -mtune=generic -O2 -pipe -fstack-protector-strong -D_FORTIFY_SOURCE=2 -Wl,-O1,--sort-common,--as-needed,-z,relro conftest.c -lX11  >&5
configure:13625: $? = 0
configure:13675: result: libraries , headers 
configure:13681: checking for x11
configure:13688: $PKG_CONFIG --exists --print-errors "x11"
configure:13691: $? = 0
configure:13705: $PKG_CONFIG --exists --print-errors "x11"
configure:13708: $? = 0
configure:14738: result: yes
configure:14747: checking for xrandr
configure:14750: result: yes
configure:14769: checking for gdk-pixbuf-2.0 gtk+-3.0 >= 3.14.0 glib-2.0 >= 2.36.0 gio-2.0 >= 2.26.0 libstartup-notification-1.0 xrandr
configure:14776: $PKG_CONFIG --exists --print-errors "gdk-pixbuf-2.0 gtk+-3.0 >= $GTK_REQUIRED glib-2.0 >= $GLIB_REQUIRED gio-2.0 >= $GIO_REQUIRED $STARTUP_NOTIFICATION_PACKAGE $RANDR_PACKAGE"
configure:14779: $? = 0
configure:14793: $PKG_CONFIG --exists --print-errors "gdk-pixbuf-2.0 gtk+-3.0 >= $GTK_REQUIRED glib-2.0 >= $GLIB_REQUIRED gio-2.0 >= $GIO_REQUIRED $STARTUP_NOTIFICATION_PACKAGE $RANDR_PACKAGE"
configure:14796: $? = 0
configure:14854: result: yes
configure:14861: checking for gtk+-3.0 >= 3.14.0
configure:14868: $PKG_CONFIG --exists --print-errors "gtk+-3.0 >= $GTK_REQUIRED"
configure:14871: $? = 0
configure:14885: $PKG_CONFIG --exists --print-errors "gtk+-3.0 >= $GTK_REQUIRED"
configure:14888: $? = 0
configure:14946: result: yes
configure:14965: checking locale.h usability
configure:14965: gcc -c -march=x86-64 -mtune=generic -O2 -pipe -fstack-protector-strong -D_FORTIFY_SOURCE=2 conftest.c >&5
configure:14965: $? = 0
configure:14965: result: yes
configure:14965: checking locale.h presence
configure:14965: gcc -E -D_FORTIFY_SOURCE=2 conftest.c
In file included from /usr/include/locale.h:25:0,
                 from conftest.c:33:
/usr/include/features.h:373:4: warning: #warning _FORTIFY_SOURCE requires compiling with optimization (-O) [-Wcpp]
 #  warning _FORTIFY_SOURCE requires compiling with optimization (-O)
    ^~~~~~~
configure:14965: $? = 0
configure:14965: result: yes
configure:14965: checking for locale.h
configure:14965: result: yes
configure:14976: checking for LC_MESSAGES
configure:14992: gcc -o conftest -march=x86-64 -mtune=generic -O2 -pipe -fstack-protector-strong -D_FORTIFY_SOURCE=2 -Wl,-O1,--sort-common,--as-needed,-z,relro conftest.c  >&5
configure:14992: $? = 0
configure:15000: result: yes
configure:15018: checking for CFPreferencesCopyAppValue
configure:15036: gcc -o conftest -march=x86-64 -mtune=generic -O2 -pipe -fstack-protector-strong -D_FORTIFY_SOURCE=2 -Wl,-O1,--sort-common,--as-needed,-z,relro conftest.c  -Wl,-framework -Wl,CoreFoundation >&5
conftest.c:35:42: fatal error: CoreFoundation/CFPreferences.h: No such file or directory
 #include <CoreFoundation/CFPreferences.h>
                                          ^
compilation terminated.
configure:15036: $? = 1
configure: failed program was:
| /* confdefs.h */
| #define PACKAGE_NAME "mate-desktop"
| #define PACKAGE_TARNAME "mate-desktop"
| #define PACKAGE_VERSION "1.19.0"
| #define PACKAGE_STRING "mate-desktop 1.19.0"
| #define PACKAGE_BUGREPORT "https://github.com/mate-desktop/mate-desktop/"
| #define PACKAGE_URL ""
| #define PACKAGE "mate-desktop"
| #define VERSION "1.19.0"
| #define GLIB_VERSION_MAX_ALLOWED GLIB_VERSION_2_36
| #define GLIB_VERSION_MIN_REQUIRED GLIB_VERSION_2_36
| #define STDC_HEADERS 1
| #define HAVE_SYS_TYPES_H 1
| #define HAVE_SYS_STAT_H 1
| #define HAVE_STDLIB_H 1
| #define HAVE_STRING_H 1
| #define HAVE_MEMORY_H 1
| #define HAVE_STRINGS_H 1
| #define HAVE_INTTYPES_H 1
| #define HAVE_STDINT_H 1
| #define HAVE_UNISTD_H 1
| #define HAVE_DLFCN_H 1
| #define LT_OBJDIR ".libs/"
| #define MATE_MAJOR 1
| #define MATE_MINOR 19
| #define MATE_MICRO 0
| #define GLIB_VERSION_MAX_ALLOWED GLIB_VERSION_2_36
| #define GLIB_VERSION_MIN_REQUIRED GLIB_VERSION_2_36
| #define HAVE_STARTUP_NOTIFICATION /**/
| #define HAVE_RANDR 1
| #define GETTEXT_PACKAGE "mate-desktop"
| #define HAVE_LOCALE_H 1
| #define HAVE_LC_MESSAGES 1
| /* end confdefs.h.  */
| #include <CoreFoundation/CFPreferences.h>
| int
| main ()
| {
| CFPreferencesCopyAppValue(NULL, NULL)
|   ;
|   return 0;
| }
configure:15045: result: no
configure:15052: checking for CFLocaleCopyCurrent
configure:15070: gcc -o conftest -march=x86-64 -mtune=generic -O2 -pipe -fstack-protector-strong -D_FORTIFY_SOURCE=2 -Wl,-O1,--sort-common,--as-needed,-z,relro conftest.c  -Wl,-framework -Wl,CoreFoundation >&5
conftest.c:35:37: fatal error: CoreFoundation/CFLocale.h: No such file or directory
 #include <CoreFoundation/CFLocale.h>
                                     ^
compilation terminated.
configure:15070: $? = 1
configure: failed program was:
| /* confdefs.h */
| #define PACKAGE_NAME "mate-desktop"
| #define PACKAGE_TARNAME "mate-desktop"
| #define PACKAGE_VERSION "1.19.0"
| #define PACKAGE_STRING "mate-desktop 1.19.0"
| #define PACKAGE_BUGREPORT "https://github.com/mate-desktop/mate-desktop/"
| #define PACKAGE_URL ""
| #define PACKAGE "mate-desktop"
| #define VERSION "1.19.0"
| #define GLIB_VERSION_MAX_ALLOWED GLIB_VERSION_2_36
| #define GLIB_VERSION_MIN_REQUIRED GLIB_VERSION_2_36
| #define STDC_HEADERS 1
| #define HAVE_SYS_TYPES_H 1
| #define HAVE_SYS_STAT_H 1
| #define HAVE_STDLIB_H 1
| #define HAVE_STRING_H 1
| #define HAVE_MEMORY_H 1
| #define HAVE_STRINGS_H 1
| #define HAVE_INTTYPES_H 1
| #define HAVE_STDINT_H 1
| #define HAVE_UNISTD_H 1
| #define HAVE_DLFCN_H 1
| #define LT_OBJDIR ".libs/"
| #define MATE_MAJOR 1
| #define MATE_MINOR 19
| #define MATE_MICRO 0
| #define GLIB_VERSION_MAX_ALLOWED GLIB_VERSION_2_36
| #define GLIB_VERSION_MIN_REQUIRED GLIB_VERSION_2_36
| #define HAVE_STARTUP_NOTIFICATION /**/
| #define HAVE_RANDR 1
| #define GETTEXT_PACKAGE "mate-desktop"
| #define HAVE_LOCALE_H 1
| #define HAVE_LC_MESSAGES 1
| /* end confdefs.h.  */
| #include <CoreFoundation/CFLocale.h>
| int
| main ()
| {
| CFLocaleCopyCurrent();
|   ;
|   return 0;
| }
configure:15079: result: no
configure:15093: checking libintl.h usability
configure:15093: gcc -c -march=x86-64 -mtune=generic -O2 -pipe -fstack-protector-strong -D_FORTIFY_SOURCE=2 conftest.c >&5
configure:15093: $? = 0
configure:15093: result: yes
configure:15093: checking libintl.h presence
configure:15093: gcc -E -D_FORTIFY_SOURCE=2 conftest.c
In file included from /usr/include/libintl.h:23:0,
                 from conftest.c:35:
/usr/include/features.h:373:4: warning: #warning _FORTIFY_SOURCE requires compiling with optimization (-O) [-Wcpp]
 #  warning _FORTIFY_SOURCE requires compiling with optimization (-O)
    ^~~~~~~
configure:15093: $? = 0
configure:15093: result: yes
configure:15093: checking for libintl.h
configure:15093: result: yes
configure:15101: checking for ngettext in libc
configure:15119: gcc -o conftest -march=x86-64 -mtune=generic -O2 -pipe -fstack-protector-strong -D_FORTIFY_SOURCE=2 -Wl,-O1,--sort-common,--as-needed,-z,relro conftest.c  >&5
configure:15119: $? = 0
configure:15128: result: yes
configure:15132: checking for dgettext in libc
configure:15150: gcc -o conftest -march=x86-64 -mtune=generic -O2 -pipe -fstack-protector-strong -D_FORTIFY_SOURCE=2 -Wl,-O1,--sort-common,--as-needed,-z,relro conftest.c  >&5
configure:15150: $? = 0
configure:15159: result: yes
configure:15166: checking for bind_textdomain_codeset
configure:15166: gcc -o conftest -march=x86-64 -mtune=generic -O2 -pipe -fstack-protector-strong -D_FORTIFY_SOURCE=2 -Wl,-O1,--sort-common,--as-needed,-z,relro conftest.c  >&5
configure:15166: $? = 0
configure:15166: result: yes
configure:15442: checking for msgfmt
configure:15469: result: /usr/bin/msgfmt
configure:15480: checking for dcgettext
configure:15480: gcc -o conftest -march=x86-64 -mtune=generic -O2 -pipe -fstack-protector-strong -D_FORTIFY_SOURCE=2 -Wl,-O1,--sort-common,--as-needed,-z,relro conftest.c   >&5
conftest.c:60:6: warning: conflicting types for built-in function 'dcgettext'
 char dcgettext ();
      ^~~~~~~~~
configure:15480: $? = 0
configure:15480: result: yes
configure:15490: checking if msgfmt accepts -c
configure:15505: $MSGFMT -c -o /dev/null conftest.foo
conftest.foo:3: warning: header field 'Language' missing in header
configure:15508: $? = 0
configure:15510: result: yes
configure:15520: checking for gmsgfmt
configure:15551: result: /usr/bin/msgfmt
configure:15561: checking for xgettext
configure:15588: result: /usr/bin/xgettext
configure:15607: gcc -o conftest -march=x86-64 -mtune=generic -O2 -pipe -fstack-protector-strong -D_FORTIFY_SOURCE=2 -Wl,-O1,--sort-common,--as-needed,-z,relro conftest.c   >&5
configure:15607: $? = 0
configure:15813: checking for pkg-config
configure:15843: result: /usr/bin/pkg-config
configure:15868: checking pkg-config is at least version 0.16
configure:15871: result: yes
configure:15984: checking for mawk
configure:16017: result: no
configure:15984: checking for gawk
configure:16002: found /usr/bin/gawk
configure:16014: result: /usr/bin/gawk
configure:16029: checking for perl5
configure:16062: result: no
configure:16029: checking for perl
configure:16047: found /usr/bin/perl
configure:16059: result: /usr/bin/perl
configure:16087: checking for library containing sqrt
configure:16118: gcc -o conftest -march=x86-64 -mtune=generic -O2 -pipe -fstack-protector-strong -D_FORTIFY_SOURCE=2 -Wl,-O1,--sort-common,--as-needed,-z,relro conftest.c  >&5
conftest.c:46:6: warning: conflicting types for built-in function 'sqrt'
 char sqrt ();
      ^~~~
/tmp/ccFHMIFF.o: In function `main':
conftest.c:(.text.startup+0x7): undefined reference to `sqrt'
collect2: error: ld returned 1 exit status
configure:16118: $? = 1
configure: failed program was:
| /* confdefs.h */
| #define PACKAGE_NAME "mate-desktop"
| #define PACKAGE_TARNAME "mate-desktop"
| #define PACKAGE_VERSION "1.19.0"
| #define PACKAGE_STRING "mate-desktop 1.19.0"
| #define PACKAGE_BUGREPORT "https://github.com/mate-desktop/mate-desktop/"
| #define PACKAGE_URL ""
| #define PACKAGE "mate-desktop"
| #define VERSION "1.19.0"
| #define GLIB_VERSION_MAX_ALLOWED GLIB_VERSION_2_36
| #define GLIB_VERSION_MIN_REQUIRED GLIB_VERSION_2_36
| #define STDC_HEADERS 1
| #define HAVE_SYS_TYPES_H 1
| #define HAVE_SYS_STAT_H 1
| #define HAVE_STDLIB_H 1
| #define HAVE_STRING_H 1
| #define HAVE_MEMORY_H 1
| #define HAVE_STRINGS_H 1
| #define HAVE_INTTYPES_H 1
| #define HAVE_STDINT_H 1
| #define HAVE_UNISTD_H 1
| #define HAVE_DLFCN_H 1
| #define LT_OBJDIR ".libs/"
| #define MATE_MAJOR 1
| #define MATE_MINOR 19
| #define MATE_MICRO 0
| #define GLIB_VERSION_MAX_ALLOWED GLIB_VERSION_2_36
| #define GLIB_VERSION_MIN_REQUIRED GLIB_VERSION_2_36
| #define HAVE_STARTUP_NOTIFICATION /**/
| #define HAVE_RANDR 1
| #define GETTEXT_PACKAGE "mate-desktop"
| #define HAVE_LOCALE_H 1
| #define HAVE_LC_MESSAGES 1
| #define HAVE_BIND_TEXTDOMAIN_CODESET 1
| #define HAVE_GETTEXT 1
| #define HAVE_DCGETTEXT 1
| #define ENABLE_NLS 1
| /* end confdefs.h.  */
| 
| /* Override any GCC internal prototype to avoid an error.
|    Use char because int might match the return type of a GCC
|    builtin and then its argument prototype would still apply.  */
| #ifdef __cplusplus
| extern "C"
| #endif
| char sqrt ();
| int
| main ()
| {
| return sqrt ();
|   ;
|   return 0;
| }
configure:16118: gcc -o conftest -march=x86-64 -mtune=generic -O2 -pipe -fstack-protector-strong -D_FORTIFY_SOURCE=2 -Wl,-O1,--sort-common,--as-needed,-z,relro conftest.c -lm   >&5
conftest.c:46:6: warning: conflicting types for built-in function 'sqrt'
 char sqrt ();
      ^~~~
configure:16118: $? = 0
configure:16135: result: -lm
configure:16149: checking for gtk-doc
configure:16152: $PKG_CONFIG --exists --print-errors "$gtk_doc_requires"
configure:16155: $? = 0
configure:16161: result: yes
configure:16175: checking for gtkdoc-check
configure:16191: found /usr/bin/gtkdoc-check
configure:16202: result: gtkdoc-check.test
configure:16212: checking for gtkdoc-check
configure:16230: found /usr/bin/gtkdoc-check
configure:16242: result: /usr/bin/gtkdoc-check
configure:16254: checking for gtkdoc-rebase
configure:16272: found /usr/bin/gtkdoc-rebase
configure:16284: result: /usr/bin/gtkdoc-rebase
configure:16298: checking for gtkdoc-mkpdf
configure:16316: found /usr/bin/gtkdoc-mkpdf
configure:16328: result: /usr/bin/gtkdoc-mkpdf
configure:16356: checking whether to build gtk-doc documentation
configure:16358: result: no
configure:16371: checking for glib-2.0 >= 2.10.0 gobject-2.0  >= 2.10.0
configure:16378: $PKG_CONFIG --exists --print-errors "glib-2.0 >= 2.10.0 gobject-2.0  >= 2.10.0"
configure:16381: $? = 0
configure:16395: $PKG_CONFIG --exists --print-errors "glib-2.0 >= 2.10.0 gobject-2.0  >= 2.10.0"
configure:16398: $? = 0
configure:16436: result: yes
configure:16628: checking that generated files are newer than configure
configure:16634: result: done
configure:16701: creating ./config.status

## ---------------------- ##
## Running config.status. ##
## ---------------------- ##

This file was extended by mate-desktop config.status 1.19.0, which was
generated by GNU Autoconf 2.69.  Invocation command line was

  CONFIG_FILES    = 
  CONFIG_HEADERS  = 
  CONFIG_LINKS    = 
  CONFIG_COMMANDS = 
  $ ./config.status 

on base

config.status:1327: creating Makefile
config.status:1327: creating mate-about/Makefile
config.status:1327: creating mate-about/mate-about.desktop.in
config.status:1327: creating libmate-desktop/Makefile
config.status:1327: creating libmate-desktop/mate-desktop-2.0.pc
config.status:1327: creating libmate-desktop/mate-desktop-2.0-uninstalled.pc
config.status:1327: creating docs/Makefile
config.status:1327: creating docs/reference/Makefile
config.status:1327: creating docs/reference/mate-desktop/Makefile
config.status:1327: creating mate-version.xml.in
config.status:1327: creating po/Makefile.in
config.status:1327: creating schemas/Makefile
config.status:1327: creating schemas/org.mate.accessibility-keyboard.gschema.xml
config.status:1327: creating schemas/org.mate.accessibility-startup.gschema.xml
config.status:1327: creating schemas/org.mate.applications-at-mobility.gschema.xml
config.status:1327: creating schemas/org.mate.applications-at-visual.gschema.xml
config.status:1327: creating schemas/org.mate.applications-browser.gschema.xml
config.status:1327: creating schemas/org.mate.applications-office.gschema.xml
config.status:1327: creating schemas/org.mate.applications-terminal.gschema.xml
config.status:1327: creating schemas/org.mate.background.gschema.xml
config.status:1435: WARNING:  'schemas/org.mate.background.gschema.xml.in' seems to ignore the --datarootdir setting
config.status:1327: creating schemas/org.mate.debug.gschema.xml
config.status:1327: creating schemas/org.mate.file-views.gschema.xml
config.status:1327: creating schemas/org.mate.interface.gschema.xml
config.status:1327: creating schemas/org.mate.lockdown.gschema.xml
config.status:1327: creating schemas/org.mate.peripherals-keyboard.gschema.xml
config.status:1327: creating schemas/org.mate.peripherals-mouse.gschema.xml
config.status:1327: creating schemas/org.mate.sound.gschema.xml
config.status:1327: creating schemas/org.mate.thumbnail-cache.gschema.xml
config.status:1327: creating schemas/org.mate.thumbnailers.gschema.xml
config.status:1327: creating schemas/org.mate.typing-break.gschema.xml
config.status:1327: creating man/Makefile
config.status:1327: creating tools/mate-color-select.desktop.in
config.status:1327: creating tools/Makefile
config.status:1327: creating icons/Makefile
config.status:1327: creating config.h
config.status:1508: config.h is unchanged
config.status:1556: executing depfiles commands
config.status:1556: executing libtool commands
config.status:1556: executing default-1 commands
config.status:1556: executing po/stamp-it commands

## ---------------- ##
## Cache variables. ##
## ---------------- ##

ac_cv_build=x86_64-unknown-linux-gnu
ac_cv_c_compiler_gnu=yes
ac_cv_env_CC_set=
ac_cv_env_CC_value=
ac_cv_env_CFLAGS_set=set
ac_cv_env_CFLAGS_value='-march=x86-64 -mtune=generic -O2 -pipe -fstack-protector-strong'
ac_cv_env_CPPFLAGS_set=set
ac_cv_env_CPPFLAGS_value=-D_FORTIFY_SOURCE=2
ac_cv_env_CPP_set=
ac_cv_env_CPP_value=
ac_cv_env_DCONF_CFLAGS_set=
ac_cv_env_DCONF_CFLAGS_value=
ac_cv_env_DCONF_LIBS_set=
ac_cv_env_DCONF_LIBS_value=
ac_cv_env_GTKDOC_DEPS_CFLAGS_set=
ac_cv_env_GTKDOC_DEPS_CFLAGS_value=
ac_cv_env_GTKDOC_DEPS_LIBS_set=
ac_cv_env_GTKDOC_DEPS_LIBS_value=
ac_cv_env_LDFLAGS_set=set
ac_cv_env_LDFLAGS_value=-Wl,-O1,--sort-common,--as-needed,-z,relro
ac_cv_env_LIBS_set=
ac_cv_env_LIBS_value=
ac_cv_env_LT_SYS_LIBRARY_PATH_set=
ac_cv_env_LT_SYS_LIBRARY_PATH_value=
ac_cv_env_MATE_ABOUT_CFLAGS_set=
ac_cv_env_MATE_ABOUT_CFLAGS_value=
ac_cv_env_MATE_ABOUT_LIBS_set=
ac_cv_env_MATE_ABOUT_LIBS_value=
ac_cv_env_MATE_DESKTOP_CFLAGS_set=
ac_cv_env_MATE_DESKTOP_CFLAGS_value=
ac_cv_env_MATE_DESKTOP_LIBS_set=
ac_cv_env_MATE_DESKTOP_LIBS_value=
ac_cv_env_PKG_CONFIG_LIBDIR_set=
ac_cv_env_PKG_CONFIG_LIBDIR_value=
ac_cv_env_PKG_CONFIG_PATH_set=
ac_cv_env_PKG_CONFIG_PATH_value=
ac_cv_env_PKG_CONFIG_set=
ac_cv_env_PKG_CONFIG_value=
ac_cv_env_XLIB_CFLAGS_set=
ac_cv_env_XLIB_CFLAGS_value=
ac_cv_env_XLIB_LIBS_set=
ac_cv_env_XLIB_LIBS_value=
ac_cv_env_XMKMF_set=
ac_cv_env_XMKMF_value=
ac_cv_env_build_alias_set=
ac_cv_env_build_alias_value=
ac_cv_env_host_alias_set=
ac_cv_env_host_alias_value=
ac_cv_env_target_alias_set=
ac_cv_env_target_alias_value=
ac_cv_func_bind_textdomain_codeset=yes
ac_cv_func_dcgettext=yes
ac_cv_have_x='have_x=yes	ac_x_includes='\'''\''	ac_x_libraries='\'''\'''
ac_cv_header_dlfcn_h=yes
ac_cv_header_inttypes_h=yes
ac_cv_header_libintl_h=yes
ac_cv_header_locale_h=yes
ac_cv_header_memory_h=yes
ac_cv_header_stdc=yes
ac_cv_header_stdint_h=yes
ac_cv_header_stdlib_h=yes
ac_cv_header_string_h=yes
ac_cv_header_strings_h=yes
ac_cv_header_sys_stat_h=yes
ac_cv_header_sys_types_h=yes
ac_cv_header_unistd_h=yes
ac_cv_host=x86_64-unknown-linux-gnu
ac_cv_objext=o
ac_cv_path_AWK=/usr/bin/gawk
ac_cv_path_EGREP='/usr/bin/grep -E'
ac_cv_path_FGREP='/usr/bin/grep -F'
ac_cv_path_GMSGFMT=/usr/bin/msgfmt
ac_cv_path_GREP=/usr/bin/grep
ac_cv_path_GTKDOC_CHECK_PATH=/usr/bin/gtkdoc-check
ac_cv_path_GTKDOC_MKPDF=/usr/bin/gtkdoc-mkpdf
ac_cv_path_GTKDOC_REBASE=/usr/bin/gtkdoc-rebase
ac_cv_path_INTLTOOL_EXTRACT=/usr/bin/intltool-extract
ac_cv_path_INTLTOOL_MERGE=/usr/bin/intltool-merge
ac_cv_path_INTLTOOL_PERL=/usr/bin/perl
ac_cv_path_INTLTOOL_UPDATE=/usr/bin/intltool-update
ac_cv_path_MSGFMT=/usr/bin/msgfmt
ac_cv_path_MSGMERGE=/usr/bin/msgmerge
ac_cv_path_PERL=/usr/bin/perl
ac_cv_path_SED=/usr/bin/sed
ac_cv_path_XGETTEXT=/usr/bin/xgettext
ac_cv_path_ac_pt_PKG_CONFIG=/usr/bin/pkg-config
ac_cv_path_install='/usr/bin/install -c'
ac_cv_path_lt_DD=/usr/bin/dd
ac_cv_path_mkdir=/usr/bin/mkdir
ac_cv_prog_AWK=gawk
ac_cv_prog_CPP='gcc -E'
ac_cv_prog_GTKDOC_CHECK=gtkdoc-check.test
ac_cv_prog_ac_ct_AR=ar
ac_cv_prog_ac_ct_CC=gcc
ac_cv_prog_ac_ct_OBJDUMP=objdump
ac_cv_prog_ac_ct_RANLIB=ranlib
ac_cv_prog_ac_ct_STRIP=strip
ac_cv_prog_cc_c89=
ac_cv_prog_cc_g=yes
ac_cv_prog_make_make_set=yes
ac_cv_search_sqrt=-lm
am_cv_CC_dependencies_compiler_type=gcc3
am_cv_make_support_nested_variables=yes
am_cv_prog_cc_c_o=yes
am_cv_prog_tar_ustar=gnutar
am_cv_val_LC_MESSAGES=yes
gt_cv_func_CFLocaleCopyCurrent=no
gt_cv_func_CFPreferencesCopyAppValue=no
gt_cv_func_dgettext_libc=yes
gt_cv_func_dgettext_libintl=no
gt_cv_func_ngettext_libc=yes
gt_cv_have_gettext=yes
lt_cv_ar_at_file=@
lt_cv_archive_cmds_need_lc=no
lt_cv_deplibs_check_method=pass_all
lt_cv_file_magic_cmd='$MAGIC_CMD'
lt_cv_file_magic_test_file=
lt_cv_ld_reload_flag=-r
lt_cv_nm_interface='BSD nm'
lt_cv_objdir=.libs
lt_cv_path_LD=/usr/bin/ld
lt_cv_path_NM='/usr/bin/nm -B'
lt_cv_path_mainfest_tool=no
lt_cv_prog_compiler_c_o=yes
lt_cv_prog_compiler_pic='-fPIC -DPIC'
lt_cv_prog_compiler_pic_works=yes
lt_cv_prog_compiler_rtti_exceptions=no
lt_cv_prog_compiler_static_works=yes
lt_cv_prog_gnu_ld=yes
lt_cv_sharedlib_from_linklib_cmd='printf %s\n'
lt_cv_shlibpath_overrides_runpath=no
lt_cv_sys_global_symbol_pipe='sed -n -e '\''s/^.*[	 ]\([ABCDGIRSTW][ABCDGIRSTW]*\)[	 ][	 ]*\([_A-Za-z][_A-Za-z0-9]*\)$/\1 \2 \2/p'\'' | sed '\''/ __gnu_lto/d'\'''
lt_cv_sys_global_symbol_to_c_name_address='sed -n -e '\''s/^: \(.*\) .*$/  {"\1", (void *) 0},/p'\'' -e '\''s/^[ABCDGIRSTW][ABCDGIRSTW]* .* \(.*\)$/  {"\1", (void *) \&\1},/p'\'''
lt_cv_sys_global_symbol_to_c_name_address_lib_prefix='sed -n -e '\''s/^: \(.*\) .*$/  {"\1", (void *) 0},/p'\'' -e '\''s/^[ABCDGIRSTW][ABCDGIRSTW]* .* \(lib.*\)$/  {"\1", (void *) \&\1},/p'\'' -e '\''s/^[ABCDGIRSTW][ABCDGIRSTW]* .* \(.*\)$/  {"lib\1", (void *) \&\1},/p'\'''
lt_cv_sys_global_symbol_to_cdecl='sed -n -e '\''s/^T .* \(.*\)$/extern int \1();/p'\'' -e '\''s/^[ABCDGIRSTW][ABCDGIRSTW]* .* \(.*\)$/extern char \1;/p'\'''
lt_cv_sys_global_symbol_to_import=
lt_cv_sys_max_cmd_len=1572864
lt_cv_to_host_file_cmd=func_convert_file_noop
lt_cv_to_tool_file_cmd=func_convert_file_noop
lt_cv_truncate_bin='/usr/bin/dd bs=4096 count=1'
pkg_cv_DCONF_CFLAGS='-pthread -I/usr/include/dconf -I/usr/include/glib-2.0 -I/usr/lib/glib-2.0/include'
pkg_cv_DCONF_LIBS='-ldconf -lgio-2.0 -lgobject-2.0 -lglib-2.0'
pkg_cv_GTKDOC_DEPS_CFLAGS='-I/usr/include/glib-2.0 -I/usr/lib/glib-2.0/include'
pkg_cv_GTKDOC_DEPS_LIBS='-lgobject-2.0 -lglib-2.0'
pkg_cv_MATE_ABOUT_CFLAGS='-pthread -I/usr/include/gtk-3.0 -I/usr/include/at-spi2-atk/2.0 -I/usr/include/at-spi-2.0 -I/usr/include/dbus-1.0 -I/usr/lib/dbus-1.0/include -I/usr/include/gtk-3.0 -I/usr/include/gio-unix-2.0/ -I/usr/include/cairo -I/usr/include/pango-1.0 -I/usr/include/atk-1.0 -I/usr/include/cairo -I/usr/include/pixman-1 -I/usr/include/freetype2 -I/usr/include/libpng16 -I/usr/include/harfbuzz -I/usr/include/glib-2.0 -I/usr/lib/glib-2.0/include -I/usr/include/freetype2 -I/usr/include/harfbuzz -I/usr/include/libdrm -I/usr/include/libpng16 -I/usr/include/gdk-pixbuf-2.0 -I/usr/include/libpng16 -I/usr/include/glib-2.0 -I/usr/lib/glib-2.0/include'
pkg_cv_MATE_ABOUT_LIBS='-lgtk-3 -lgdk-3 -lpangocairo-1.0 -lpango-1.0 -latk-1.0 -lcairo-gobject -lcairo -lgdk_pixbuf-2.0 -lgio-2.0 -lgobject-2.0 -lglib-2.0'
pkg_cv_MATE_DESKTOP_CFLAGS='-pthread -I/usr/include/gtk-3.0 -I/usr/include/at-spi2-atk/2.0 -I/usr/include/at-spi-2.0 -I/usr/include/dbus-1.0 -I/usr/lib/dbus-1.0/include -I/usr/include/gtk-3.0 -I/usr/include/gio-unix-2.0/ -I/usr/include/cairo -I/usr/include/pango-1.0 -I/usr/include/atk-1.0 -I/usr/include/cairo -I/usr/include/pixman-1 -I/usr/include/freetype2 -I/usr/include/libpng16 -I/usr/include/harfbuzz -I/usr/include/glib-2.0 -I/usr/lib/glib-2.0/include -I/usr/include/freetype2 -I/usr/include/harfbuzz -I/usr/include/libdrm -I/usr/include/libpng16 -I/usr/include/gdk-pixbuf-2.0 -I/usr/include/libpng16 -I/usr/include/glib-2.0 -I/usr/lib/glib-2.0/include -I/usr/include/startup-notification-1.0'
pkg_cv_MATE_DESKTOP_LIBS='-lgtk-3 -lgdk-3 -lpangocairo-1.0 -lpango-1.0 -latk-1.0 -lcairo-gobject -lcairo -lgdk_pixbuf-2.0 -lgio-2.0 -lgobject-2.0 -lglib-2.0 -lstartup-notification-1 -lXrandr'
pkg_cv_XLIB_CFLAGS=
pkg_cv_XLIB_LIBS=-lX11

## ----------------- ##
## Output variables. ##
## ----------------- ##










		$(INSTALL_DATA) $^ "$(DESTDIR)$(gsettingsschemadir)"; \
		test -n "$(GSETTINGS_DISABLE_SCHEMAS_COMPILE)$(DESTDIR)" || $(GLIB_COMPILE_SCHEMAS) $(gsettingsschemadir); \
		test -z "$(gsettingsschemadir)" || $(MKDIR_P) "$(DESTDIR)$(gsettingsschemadir)"; \
	$(AM_V_GEN) $(GLIB_COMPILE_SCHEMAS) --strict --dry-run $(addprefix --schema-file=,$(gsettings__enum_file)) --schema-file=$< && mkdir -p $(@D) && touch $@
	$(AM_V_GEN) glib-mkenums --comments '\''<!-- @comment@ -->'\'' --fhead "<schemalist>" --vhead "  <@type@ id='\''$(gsettings_ENUM_NAMESPACE).@EnumName@'\''>" --vprod "    <value nick='\''@valuenick@'\'' value='\''@valuenum@'\''/>" --vtail "  </@type@>" --ftail "</schemalist>" $^ > $@.tmp && mv $@.tmp $@
	@$(NORMAL_INSTALL)
	@$(NORMAL_UNINSTALL)
	@list='\''$(gsettings_SCHEMAS) $(gsettings__enum_file)'\''; test -n "$(gsettingsschemadir)" || list=; \
	cd "$(DESTDIR)$(gsettingsschemadir)" && rm -f $$files
	echo " ( cd '\''$(DESTDIR)$(gsettingsschemadir)'\'' && rm -f" $$files ")"; \
	fi
	files=`for p in $$list; do echo $$p; done | sed -e '\''s|^.*/||'\''`; \
	if test -n "$^"; then \
	rm -f $(gsettings_SCHEMAS:.xml=.valid) $(gsettings__enum_file)
	test -n "$$files" || exit 0; \
	test -n "$(GSETTINGS_DISABLE_SCHEMAS_COMPILE)$(DESTDIR)" || $(GLIB_COMPILE_SCHEMAS) $(gsettingsschemadir)
$(gsettings__enum_file): $(gsettings_ENUM_FILES)
%.gschema.valid: %.gschema.xml $(gsettings__enum_file)
.PHONY : uninstall-gsettings-schemas install-gsettings-schemas clean-gsettings-schemas
.SECONDARY: $(gsettings_SCHEMAS)
ACLOCAL='${SHELL} /home/build/mate-desktop-git/src/mate-desktop/missing aclocal-1.15'
ACLOCAL_AMFLAGS='${ACLOCAL_FLAGS}'
ALL_LINGUAS=''
AMDEPBACKSLASH='\'
AMDEP_FALSE='#'
AMDEP_TRUE=''
AMTAR='$${TAR-tar}'
AM_BACKSLASH='\'
AM_DEFAULT_V='$(AM_DEFAULT_VERBOSITY)'
AM_DEFAULT_VERBOSITY='0'
AM_V='$(V)'
AR='ar'
AUTOCONF='${SHELL} /home/build/mate-desktop-git/src/mate-desktop/missing autoconf'
AUTOHEADER='${SHELL} /home/build/mate-desktop-git/src/mate-desktop/missing autoheader'
AUTOMAKE='${SHELL} /home/build/mate-desktop-git/src/mate-desktop/missing automake-1.15'
AWK='/usr/bin/gawk'
CATALOGS=''
CATOBJEXT='.gmo'
CC='gcc'
CCDEPMODE='depmode=gcc3'
CFLAGS='-march=x86-64 -mtune=generic -O2 -pipe -fstack-protector-strong'
CPP='gcc -E'
CPPFLAGS='-D_FORTIFY_SOURCE=2'
CYGPATH_W='echo'
DATADIRNAME='share'
DCONF_CFLAGS='-pthread -I/usr/include/dconf -I/usr/include/glib-2.0 -I/usr/lib/glib-2.0/include'
DCONF_LIBS='-ldconf -lgio-2.0 -lgobject-2.0 -lglib-2.0'
DEFS='-DHAVE_CONFIG_H'
DEPDIR='.deps'
DISABLE_DEPRECATED=''
DISABLE_DEPRECATED_CFLAGS=''
DLLTOOL='false'
DSYMUTIL=''
DUMPBIN=''
ECHO_C=''
ECHO_N='-n'
ECHO_T=''
EGREP='/usr/bin/grep -E'
ENABLE_GTK_DOC_FALSE=''
ENABLE_GTK_DOC_TRUE='#'
EXEEXT=''
FGREP='/usr/bin/grep -F'
GETTEXT_PACKAGE='mate-desktop'
GLIB_COMPILE_SCHEMAS='glib-compile-schemas'
GMOFILES=''
GMSGFMT='/usr/bin/msgfmt'
GREP='/usr/bin/grep'
GSETTINGS_DISABLE_SCHEMAS_COMPILE='1'
GSETTINGS_RULES='
GTKDOC_CHECK='gtkdoc-check.test'
GTKDOC_CHECK_PATH='/usr/bin/gtkdoc-check'
GTKDOC_DEPS_CFLAGS='-I/usr/include/glib-2.0 -I/usr/lib/glib-2.0/include'
GTKDOC_DEPS_LIBS='-lgobject-2.0 -lglib-2.0'
GTKDOC_MKPDF='/usr/bin/gtkdoc-mkpdf'
GTKDOC_REBASE='/usr/bin/gtkdoc-rebase'
GTK_DOC_BUILD_HTML_FALSE='#'
GTK_DOC_BUILD_HTML_TRUE=''
GTK_DOC_BUILD_PDF_FALSE=''
GTK_DOC_BUILD_PDF_TRUE='#'
GTK_DOC_USE_LIBTOOL_FALSE='#'
GTK_DOC_USE_LIBTOOL_TRUE=''
GTK_DOC_USE_REBASE_FALSE='#'
GTK_DOC_USE_REBASE_TRUE=''
HAVE_GTK_DOC_FALSE='#'
HAVE_GTK_DOC_TRUE=''
HAVE_INTROSPECTION_FALSE='#'
HAVE_INTROSPECTION_TRUE=''
HTML_DIR='${datadir}/gtk-doc/html'
INSTALL_DATA='${INSTALL} -m 644'
INSTALL_PROGRAM='${INSTALL}'
INSTALL_SCRIPT='${INSTALL}'
INSTALL_STRIP_PROGRAM='$(install_sh) -c -s'
INSTOBJEXT='.mo'
INTLLIBS=''
INTLTOOL_CAVES_RULE='%.caves:     %.caves.in     $(INTLTOOL_MERGE) $(wildcard $(top_srcdir)/po/*.po) ; $(INTLTOOL_V_MERGE)LC_ALL=C $(INTLTOOL_MERGE) $(INTLTOOL_V_MERGE_OPTIONS) -d -u -c $(top_builddir)/po/.intltool-merge-cache $(top_srcdir)/po $< $@'
INTLTOOL_DESKTOP_RULE='%.desktop:   %.desktop.in   $(INTLTOOL_MERGE) $(wildcard $(top_srcdir)/po/*.po) ; $(INTLTOOL_V_MERGE)LC_ALL=C $(INTLTOOL_MERGE) $(INTLTOOL_V_MERGE_OPTIONS) -d -u -c $(top_builddir)/po/.intltool-merge-cache $(top_srcdir)/po $< $@'
INTLTOOL_DIRECTORY_RULE='%.directory: %.directory.in $(INTLTOOL_MERGE) $(wildcard $(top_srcdir)/po/*.po) ; $(INTLTOOL_V_MERGE)LC_ALL=C $(INTLTOOL_MERGE) $(INTLTOOL_V_MERGE_OPTIONS) -d -u -c $(top_builddir)/po/.intltool-merge-cache $(top_srcdir)/po $< $@'
INTLTOOL_EXTRACT='/usr/bin/intltool-extract'
INTLTOOL_KBD_RULE='%.kbd:       %.kbd.in       $(INTLTOOL_MERGE) $(wildcard $(top_srcdir)/po/*.po) ; $(INTLTOOL_V_MERGE)LC_ALL=C $(INTLTOOL_MERGE) $(INTLTOOL_V_MERGE_OPTIONS) -x -u -m -c $(top_builddir)/po/.intltool-merge-cache $(top_srcdir)/po $< $@'
INTLTOOL_KEYS_RULE='%.keys:      %.keys.in      $(INTLTOOL_MERGE) $(wildcard $(top_srcdir)/po/*.po) ; $(INTLTOOL_V_MERGE)LC_ALL=C $(INTLTOOL_MERGE) $(INTLTOOL_V_MERGE_OPTIONS) -k -u -c $(top_builddir)/po/.intltool-merge-cache $(top_srcdir)/po $< $@'
INTLTOOL_MERGE='/usr/bin/intltool-merge'
INTLTOOL_OAF_RULE='%.oaf:       %.oaf.in       $(INTLTOOL_MERGE) $(wildcard $(top_srcdir)/po/*.po) ; $(INTLTOOL_V_MERGE)LC_ALL=C $(INTLTOOL_MERGE) $(INTLTOOL_V_MERGE_OPTIONS) -o -p $(top_srcdir)/po $< $@'
INTLTOOL_PERL='/usr/bin/perl'
INTLTOOL_POLICY_RULE='%.policy:    %.policy.in    $(INTLTOOL_MERGE) $(wildcard $(top_srcdir)/po/*.po) ; $(INTLTOOL_V_MERGE)LC_ALL=C $(INTLTOOL_MERGE) $(INTLTOOL_V_MERGE_OPTIONS) -x -u -c $(top_builddir)/po/.intltool-merge-cache $(top_srcdir)/po $< $@'
INTLTOOL_PONG_RULE='%.pong:      %.pong.in      $(INTLTOOL_MERGE) $(wildcard $(top_srcdir)/po/*.po) ; $(INTLTOOL_V_MERGE)LC_ALL=C $(INTLTOOL_MERGE) $(INTLTOOL_V_MERGE_OPTIONS) -x -u -c $(top_builddir)/po/.intltool-merge-cache $(top_srcdir)/po $< $@'
INTLTOOL_PROP_RULE='%.prop:      %.prop.in      $(INTLTOOL_MERGE) $(wildcard $(top_srcdir)/po/*.po) ; $(INTLTOOL_V_MERGE)LC_ALL=C $(INTLTOOL_MERGE) $(INTLTOOL_V_MERGE_OPTIONS) -d -u -c $(top_builddir)/po/.intltool-merge-cache $(top_srcdir)/po $< $@'
INTLTOOL_SCHEMAS_RULE='%.schemas:   %.schemas.in   $(INTLTOOL_MERGE) $(wildcard $(top_srcdir)/po/*.po) ; $(INTLTOOL_V_MERGE)LC_ALL=C $(INTLTOOL_MERGE) $(INTLTOOL_V_MERGE_OPTIONS) -s -u -c $(top_builddir)/po/.intltool-merge-cache $(top_srcdir)/po $< $@'
INTLTOOL_SERVER_RULE='%.server:    %.server.in    $(INTLTOOL_MERGE) $(wildcard $(top_srcdir)/po/*.po) ; $(INTLTOOL_V_MERGE)LC_ALL=C $(INTLTOOL_MERGE) $(INTLTOOL_V_MERGE_OPTIONS) -o -u -c $(top_builddir)/po/.intltool-merge-cache $(top_srcdir)/po $< $@'
INTLTOOL_SERVICE_RULE='%.service: %.service.in   $(INTLTOOL_MERGE) $(wildcard $(top_srcdir)/po/*.po) ; $(INTLTOOL_V_MERGE)LC_ALL=C $(INTLTOOL_MERGE) $(INTLTOOL_V_MERGE_OPTIONS) -d -u -c $(top_builddir)/po/.intltool-merge-cache $(top_srcdir)/po $< $@'
INTLTOOL_SHEET_RULE='%.sheet:     %.sheet.in     $(INTLTOOL_MERGE) $(wildcard $(top_srcdir)/po/*.po) ; $(INTLTOOL_V_MERGE)LC_ALL=C $(INTLTOOL_MERGE) $(INTLTOOL_V_MERGE_OPTIONS) -x -u -c $(top_builddir)/po/.intltool-merge-cache $(top_srcdir)/po $< $@'
INTLTOOL_SOUNDLIST_RULE='%.soundlist: %.soundlist.in $(INTLTOOL_MERGE) $(wildcard $(top_srcdir)/po/*.po) ; $(INTLTOOL_V_MERGE)LC_ALL=C $(INTLTOOL_MERGE) $(INTLTOOL_V_MERGE_OPTIONS) -d -u -c $(top_builddir)/po/.intltool-merge-cache $(top_srcdir)/po $< $@'
INTLTOOL_THEME_RULE='%.theme:     %.theme.in     $(INTLTOOL_MERGE) $(wildcard $(top_srcdir)/po/*.po) ; $(INTLTOOL_V_MERGE)LC_ALL=C $(INTLTOOL_MERGE) $(INTLTOOL_V_MERGE_OPTIONS) -d -u -c $(top_builddir)/po/.intltool-merge-cache $(top_srcdir)/po $< $@'
INTLTOOL_UI_RULE='%.ui:        %.ui.in        $(INTLTOOL_MERGE) $(wildcard $(top_srcdir)/po/*.po) ; $(INTLTOOL_V_MERGE)LC_ALL=C $(INTLTOOL_MERGE) $(INTLTOOL_V_MERGE_OPTIONS) -x -u -c $(top_builddir)/po/.intltool-merge-cache $(top_srcdir)/po $< $@'
INTLTOOL_UPDATE='/usr/bin/intltool-update'
INTLTOOL_V_MERGE='$(INTLTOOL__v_MERGE_$(V))'
INTLTOOL_V_MERGE_OPTIONS='$(intltool__v_merge_options_$(V))'
INTLTOOL_XAM_RULE='%.xam:       %.xml.in       $(INTLTOOL_MERGE) $(wildcard $(top_srcdir)/po/*.po) ; $(INTLTOOL_V_MERGE)LC_ALL=C $(INTLTOOL_MERGE) $(INTLTOOL_V_MERGE_OPTIONS) -x -u -c $(top_builddir)/po/.intltool-merge-cache $(top_srcdir)/po $< $@'
INTLTOOL_XML_NOMERGE_RULE='%.xml:       %.xml.in       $(INTLTOOL_MERGE) ; $(INTLTOOL_V_MERGE)LC_ALL=C $(INTLTOOL_MERGE) $(INTLTOOL_V_MERGE_OPTIONS) -x -u --no-translations $< $@'
INTLTOOL_XML_RULE='%.xml:       %.xml.in       $(INTLTOOL_MERGE) $(wildcard $(top_srcdir)/po/*.po) ; $(INTLTOOL_V_MERGE)LC_ALL=C $(INTLTOOL_MERGE) $(INTLTOOL_V_MERGE_OPTIONS) -x -u -c $(top_builddir)/po/.intltool-merge-cache $(top_srcdir)/po $< $@'
INTLTOOL__v_MERGE_0='@echo "  ITMRG " $@;'
INTLTOOL__v_MERGE_='$(INTLTOOL__v_MERGE_$(AM_DEFAULT_VERBOSITY))'
INTL_MACOSX_LIBS=''
INTROSPECTION_CFLAGS='-pthread -I/usr/include/gobject-introspection-1.0 -I/usr/lib/libffi-3.2.1/include -I/usr/include/glib-2.0 -I/usr/lib/glib-2.0/include'
INTROSPECTION_COMPILER='/usr/bin/g-ir-compiler'
INTROSPECTION_GENERATE='/usr/bin/g-ir-generate'
INTROSPECTION_GIRDIR='/usr/share/gir-1.0'
INTROSPECTION_LIBS='-lgirepository-1.0 -lgobject-2.0 -lglib-2.0'
INTROSPECTION_MAKEFILE='/usr/share/gobject-introspection-1.0/Makefile.introspection'
INTROSPECTION_SCANNER='/usr/bin/g-ir-scanner'
INTROSPECTION_TYPELIBDIR='/usr/lib/girepository-1.0'
LD='/usr/bin/ld -m elf_x86_64'
LDFLAGS='-Wl,-O1,--sort-common,--as-needed,-z,relro'
LIBOBJS=''
LIBS='-lm '
LIBTOOL='$(SHELL) $(top_builddir)/libtool'
LIPO=''
LN_S='ln -s'
LTLIBOBJS=''
LT_SYS_LIBRARY_PATH=''
LT_VERSION='18:4:1'
MAINT='#'
MAINTAINER_MODE_FALSE=''
MAINTAINER_MODE_TRUE='#'
MAKEINFO='${SHELL} /home/build/mate-desktop-git/src/mate-desktop/missing makeinfo'
MANIFEST_TOOL=':'
MATE_ABOUT_CFLAGS='-pthread -I/usr/include/gtk-3.0 -I/usr/include/at-spi2-atk/2.0 -I/usr/include/at-spi-2.0 -I/usr/include/dbus-1.0 -I/usr/lib/dbus-1.0/include -I/usr/include/gtk-3.0 -I/usr/include/gio-unix-2.0/ -I/usr/include/cairo -I/usr/include/pango-1.0 -I/usr/include/atk-1.0 -I/usr/include/cairo -I/usr/include/pixman-1 -I/usr/include/freetype2 -I/usr/include/libpng16 -I/usr/include/harfbuzz -I/usr/include/glib-2.0 -I/usr/lib/glib-2.0/include -I/usr/include/freetype2 -I/usr/include/harfbuzz -I/usr/include/libdrm -I/usr/include/libpng16 -I/usr/include/gdk-pixbuf-2.0 -I/usr/include/libpng16 -I/usr/include/glib-2.0 -I/usr/lib/glib-2.0/include'
MATE_ABOUT_ENABLED_FALSE='#'
MATE_ABOUT_ENABLED_TRUE=''
MATE_ABOUT_LIBS='-lgtk-3 -lgdk-3 -lpangocairo-1.0 -lpango-1.0 -latk-1.0 -lcairo-gobject -lcairo -lgdk_pixbuf-2.0 -lgio-2.0 -lgobject-2.0 -lglib-2.0'
MATE_DATE=''
MATE_DATE_COMMENT_END='-->'
MATE_DATE_COMMENT_START='<!--'
MATE_DESKTOP_CFLAGS='-pthread -I/usr/include/gtk-3.0 -I/usr/include/at-spi2-atk/2.0 -I/usr/include/at-spi-2.0 -I/usr/include/dbus-1.0 -I/usr/lib/dbus-1.0/include -I/usr/include/gtk-3.0 -I/usr/include/gio-unix-2.0/ -I/usr/include/cairo -I/usr/include/pango-1.0 -I/usr/include/atk-1.0 -I/usr/include/cairo -I/usr/include/pixman-1 -I/usr/include/freetype2 -I/usr/include/libpng16 -I/usr/include/harfbuzz -I/usr/include/glib-2.0 -I/usr/lib/glib-2.0/include -I/usr/include/freetype2 -I/usr/include/harfbuzz -I/usr/include/libdrm -I/usr/include/libpng16 -I/usr/include/gdk-pixbuf-2.0 -I/usr/include/libpng16 -I/usr/include/glib-2.0 -I/usr/lib/glib-2.0/include -I/usr/include/startup-notification-1.0'
MATE_DESKTOP_LIBS='-lgtk-3 -lgdk-3 -lpangocairo-1.0 -lpango-1.0 -latk-1.0 -lcairo-gobject -lcairo -lgdk_pixbuf-2.0 -lgio-2.0 -lgobject-2.0 -lglib-2.0 -lstartup-notification-1 -lXrandr'
MATE_MICRO='0'
MATE_MINOR='19'
MATE_PLATFORM='1'
MKDIR_P='/usr/bin/mkdir -p'
MKINSTALLDIRS='./mkinstalldirs'
MSGFMT='/usr/bin/msgfmt'
MSGFMT_OPTS='-c'
MSGMERGE='/usr/bin/msgmerge'
NM='/usr/bin/nm -B'
NMEDIT=''
OBJDUMP='objdump'
OBJEXT='o'
OTOOL64=''
OTOOL=''
PACKAGE='mate-desktop'
PACKAGE_BUGREPORT='https://github.com/mate-desktop/mate-desktop/'
PACKAGE_NAME='mate-desktop'
PACKAGE_STRING='mate-desktop 1.19.0'
PACKAGE_TARNAME='mate-desktop'
PACKAGE_URL=''
PACKAGE_VERSION='1.19.0'
PATH_SEPARATOR=':'
PERL='/usr/bin/perl'
PKG_CONFIG='/usr/bin/pkg-config'
PKG_CONFIG_LIBDIR=''
PKG_CONFIG_PATH=''
PNP_IDS='${pnpdatadir}/pnp.ids'
POFILES=''
POSUB='po'
PO_IN_DATADIR_FALSE=''
PO_IN_DATADIR_TRUE=''
RANDR_PACKAGE='xrandr'
RANLIB='ranlib'
REBUILD=''
SED='/usr/bin/sed'
SET_MAKE=''
SHELL='/bin/sh'
STARTUP_NOTIFICATION_PACKAGE='libstartup-notification-1.0'
STRIP='strip'
USE_INTERNAL_PNP_IDS_FALSE='#'
USE_INTERNAL_PNP_IDS_TRUE=''
USE_NLS='yes'
VERSION='1.19.0'
WARN_CFLAGS='-Wall -Wmissing-prototypes -Wnested-externs -Wpointer-arith -Wno-sign-compare '
X11_PACKAGE='x11'
XGETTEXT='/usr/bin/xgettext'
XLIB_CFLAGS=''
XLIB_LIBS='-lX11'
XMKMF=''
X_CFLAGS=''
X_EXTRA_LIBS=''
X_LIBS=''
X_PRE_LIBS=''
ac_ct_AR='ar'
ac_ct_CC='gcc'
ac_ct_DUMPBIN=''
all-am: $(gsettings_SCHEMAS:.xml=.valid)
am__EXEEXT_FALSE=''
am__EXEEXT_TRUE='#'
am__fastdepCC_FALSE='#'
am__fastdepCC_TRUE=''
am__include='include'
am__isrc=''
am__leading_dot='.'
am__nodep='_no'
am__quote=''
am__tar='tar --format=ustar -chf - "$$tardir"'
am__untar='tar -xf -'
bindir='${exec_prefix}/bin'
build='x86_64-unknown-linux-gnu'
build_alias=''
build_cpu='x86_64'
build_os='linux-gnu'
build_vendor='unknown'
clean-gsettings-schemas:
datadir='${datarootdir}'
datarootdir='${prefix}/share'
docdir='${datarootdir}/doc/${PACKAGE_TARNAME}'
dvidir='${docdir}'
endif'
exec_prefix='${prefix}'
gsettings__enum_file = $(addsuffix .enums.xml,$(gsettings_ENUM_NAMESPACE))
gsettingsschemadir='${datarootdir}/glib-2.0/schemas'
host='x86_64-unknown-linux-gnu'
host_alias=''
host_cpu='x86_64'
host_os='linux-gnu'
host_vendor='unknown'
htmldir='${docdir}'
ifdef gsettings_ENUM_NAMESPACE
includedir='${prefix}/include'
infodir='${datarootdir}/info'
install-data-am: install-gsettings-schemas
install-gsettings-schemas: $(gsettings_SCHEMAS) $(gsettings__enum_file)
install_sh='${SHELL} /home/build/mate-desktop-git/src/mate-desktop/install-sh'
intltool__v_merge_options_0='-q'
intltool__v_merge_options_='$(intltool__v_merge_options_$(AM_DEFAULT_VERBOSITY))'
libdir='${exec_prefix}/lib'
libexecdir='${exec_prefix}/libexec'
localedir='${datarootdir}/locale'
localstatedir='${prefix}/var'
mandir='${datarootdir}/man'
mkdir_p='$(MKDIR_P)'
mostlyclean-am: clean-gsettings-schemas
oldincludedir='/usr/include'
pdfdir='${docdir}'
prefix='/usr'
program_transform_name='s,x,x,'
psdir='${docdir}'
sbindir='${exec_prefix}/sbin'
sharedstatedir='${prefix}/com'
sysconfdir='${prefix}/etc'
target_alias=''
uninstall-am: uninstall-gsettings-schemas
uninstall-gsettings-schemas:

## ----------- ##
## confdefs.h. ##
## ----------- ##

/* confdefs.h */
#define PACKAGE_NAME "mate-desktop"
#define PACKAGE_TARNAME "mate-desktop"
#define PACKAGE_VERSION "1.19.0"
#define PACKAGE_STRING "mate-desktop 1.19.0"
#define PACKAGE_BUGREPORT "https://github.com/mate-desktop/mate-desktop/"
#define PACKAGE_URL ""
#define PACKAGE "mate-desktop"
#define VERSION "1.19.0"
#define GLIB_VERSION_MAX_ALLOWED GLIB_VERSION_2_36
#define GLIB_VERSION_MIN_REQUIRED GLIB_VERSION_2_36
#define STDC_HEADERS 1
#define HAVE_SYS_TYPES_H 1
#define HAVE_SYS_STAT_H 1
#define HAVE_STDLIB_H 1
#define HAVE_STRING_H 1
#define HAVE_MEMORY_H 1
#define HAVE_STRINGS_H 1
#define HAVE_INTTYPES_H 1
#define HAVE_STDINT_H 1
#define HAVE_UNISTD_H 1
#define HAVE_DLFCN_H 1
#define LT_OBJDIR ".libs/"
#define MATE_MAJOR 1
#define MATE_MINOR 19
#define MATE_MICRO 0
#define GLIB_VERSION_MAX_ALLOWED GLIB_VERSION_2_36
#define GLIB_VERSION_MIN_REQUIRED GLIB_VERSION_2_36
#define HAVE_STARTUP_NOTIFICATION /**/
#define HAVE_RANDR 1
#define GETTEXT_PACKAGE "mate-desktop"
#define HAVE_LOCALE_H 1
#define HAVE_LC_MESSAGES 1
#define HAVE_BIND_TEXTDOMAIN_CODESET 1
#define HAVE_GETTEXT 1
#define HAVE_DCGETTEXT 1
#define ENABLE_NLS 1

configure: exit 0
